2025-12-30 20:23:38.857 [info] [main] Log level: Info
2025-12-30 20:23:38.857 [info] [main] Validating found git in: "C:\Program Files\Git\cmd\git.exe"
2025-12-30 20:23:38.857 [info] [main] Validating found git in: "C:\Program Files (x86)\Git\cmd\git.exe"
2025-12-30 20:23:38.857 [info] [main] Validating found git in: "C:\Program Files\Git\cmd\git.exe"
2025-12-30 20:23:38.857 [info] [main] Validating found git in: "C:\Users\fordm\AppData\Local\Programs\Git\cmd\git.exe"
2025-12-30 20:23:38.885 [info] [main] Validating found git in: "D:\Program Files\Git\cmd\git.exe"
2025-12-30 20:23:38.953 [info] [main] Using git "2.52.0.windows.1" from "D:\Program Files\Git\cmd\git.exe"
2025-12-30 20:23:38.953 [info] [Model][doInitialScan] Initial repository scan started
2025-12-30 20:23:38.956 [info] [Model][doInitialScan] Initial repository scan completed - repositories (0), closed repositories (0), parent repositories (0), unsafe repositories (0)
2025-12-30 20:24:26.400 [info] [main] Log level: Info
2025-12-30 20:24:26.400 [info] [main] Validating found git in: "C:\Program Files\Git\cmd\git.exe"
2025-12-30 20:24:26.400 [info] [main] Validating found git in: "C:\Program Files (x86)\Git\cmd\git.exe"
2025-12-30 20:24:26.400 [info] [main] Validating found git in: "C:\Program Files\Git\cmd\git.exe"
2025-12-30 20:24:26.400 [info] [main] Validating found git in: "C:\Users\fordm\AppData\Local\Programs\Git\cmd\git.exe"
2025-12-30 20:24:26.419 [info] [main] Validating found git in: "D:\Program Files\Git\cmd\git.exe"
2025-12-30 20:24:26.480 [info] [main] Using git "2.52.0.windows.1" from "D:\Program Files\Git\cmd\git.exe"
2025-12-30 20:24:26.480 [info] [Model][doInitialScan] Initial repository scan started
2025-12-30 20:24:26.788 [info] > git rev-parse --show-toplevel [293ms]
2025-12-30 20:24:28.369 [info] > git rev-parse --git-dir --git-common-dir --show-superproject-working-tree [127ms]
2025-12-30 20:24:28.382 [info] [Model][openRepository] Opened repository (path): d:\TasteOfFreedom
2025-12-30 20:24:28.382 [info] [Model][openRepository] Opened repository (real path): d:\TasteOfFreedom
2025-12-30 20:24:28.382 [info] [Model][openRepository] Opened repository (kind): repository
2025-12-30 20:24:28.600 [info] > git rev-parse --show-toplevel [202ms]
2025-12-30 20:24:28.600 [info] > git config --get commit.template [206ms]
2025-12-30 20:24:28.655 [info] > git for-each-ref --format=%(refname)%00%(upstream:short)%00%(objectname)%00%(upstream:track)%00%(upstream:remotename)%00%(upstream:remoteref) --ignore-case refs/heads/main refs/remotes/main [49ms]
2025-12-30 20:24:28.667 [info] > git rev-parse --show-toplevel [57ms]
2025-12-30 20:24:28.707 [info] > git status -z -uall [46ms]
2025-12-30 20:24:28.708 [info] > git for-each-ref --sort -committerdate --format %(refname)%00%(objectname)%00%(*objectname) [42ms]
2025-12-30 20:24:28.724 [info] > git rev-parse --show-toplevel [51ms]
2025-12-30 20:24:28.767 [info] > git for-each-ref --format=%(refname)%00%(upstream:short)%00%(objectname)%00%(upstream:track)%00%(upstream:remotename)%00%(upstream:remoteref) --ignore-case refs/heads/main refs/remotes/main [51ms]
2025-12-30 20:24:28.774 [info] > git config --get commit.template [51ms]
2025-12-30 20:24:28.778 [info] > git rev-parse --show-toplevel [50ms]
2025-12-30 20:24:28.785 [info] > git for-each-ref --format=%(refname)%00%(upstream:short)%00%(objectname)%00%(upstream:track)%00%(upstream:remotename)%00%(upstream:remoteref) --ignore-case refs/heads/main refs/remotes/main [52ms]
2025-12-30 20:24:28.827 [info] > git config --get --local branch.main.vscode-merge-base [54ms]
2025-12-30 20:24:28.827 [warning] [Git][config] git config failed: Failed to execute git
2025-12-30 20:24:28.838 [info] > git rev-parse --show-toplevel [55ms]
2025-12-30 20:24:28.840 [info] [Model][doInitialScan] Initial repository scan completed - repositories (1), closed repositories (2), parent repositories (0), unsafe repositories (0)
2025-12-30 20:24:28.864 [info] > git status -z -uall [74ms]
2025-12-30 20:24:28.865 [info] > git for-each-ref --sort -committerdate --format %(refname)%00%(objectname)%00%(*objectname) [70ms]
2025-12-30 20:24:28.897 [info] > git reflog main --grep-reflog=branch: Created from *. [65ms]
2025-12-30 20:24:28.906 [info] > git show --textconv :index.html [59ms]
2025-12-30 20:24:28.906 [info] > git ls-files --stage -- index.html [54ms]
2025-12-30 20:24:28.930 [info] > git config --get commit.template [57ms]
2025-12-30 20:24:28.935 [info] > git for-each-ref --format=%(refname)%00%(upstream:short)%00%(objectname)%00%(upstream:track)%00%(upstream:remotename)%00%(upstream:remoteref) --ignore-case refs/heads/main refs/remotes/main [56ms]
2025-12-30 20:24:28.957 [info] > git symbolic-ref --short refs/remotes/origin/HEAD [54ms]
2025-12-30 20:24:28.957 [info] fatal: ref refs/remotes/origin/HEAD is not a symbolic ref
2025-12-30 20:24:28.957 [warning] [Repository][getDefaultBranch] Failed to get default branch details: Failed to execute git.
2025-12-30 20:24:28.959 [info] > git check-ignore -v -z --stdin [62ms]
2025-12-30 20:24:28.969 [info] > git cat-file -s d41c095f8cdf882ee2560c98b55b2a9c1cb01054 [57ms]
2025-12-30 20:24:28.995 [info] > git for-each-ref --sort -committerdate --format %(refname)%00%(objectname)%00%(*objectname) [49ms]
2025-12-30 20:24:28.996 [info] > git status -z -uall [56ms]
2025-12-30 20:24:29.035 [info] > git blame --root --incremental 25363533136b3f39292505d5815b41e227922bb7 -- index.html [49ms]
2025-12-30 20:24:29.140 [info] > git fetch [759ms]
2025-12-30 20:24:29.140 [info] remote: Repository not found.
fatal: repository 'https://github.com/BlkMik3/Taste-of-Freedom.git/' not found
2025-12-30 20:24:29.184 [info] > git config --get commit.template [39ms]
2025-12-30 20:24:29.187 [info] > git for-each-ref --format=%(refname)%00%(upstream:short)%00%(objectname)%00%(upstream:track)%00%(upstream:remotename)%00%(upstream:remoteref) --ignore-case refs/heads/main refs/remotes/main [38ms]
2025-12-30 20:24:29.247 [info] > git status -z -uall [57ms]
2025-12-30 20:24:29.248 [info] > git for-each-ref --sort -committerdate --format %(refname)%00%(objectname)%00%(*objectname) [54ms]
2025-12-30 20:24:29.260 [info] > git config --local -l [49ms]
2025-12-30 20:24:29.315 [info] > git config --get --local branch.main.remote [50ms]
2025-12-30 20:24:29.315 [warning] [Git][config] git config failed: Failed to execute git
2025-12-30 20:24:29.358 [info] > git config --get --local branch.main.merge [38ms]
2025-12-30 20:24:29.358 [warning] [Git][config] git config failed: Failed to execute git
2025-12-30 20:24:29.758 [info] > git ls-files --stage -- index.html [37ms]
2025-12-30 20:24:29.798 [info] > git cat-file -s d41c095f8cdf882ee2560c98b55b2a9c1cb01054 [37ms]
2025-12-30 20:24:29.846 [info] > git show --textconv :index.html [42ms]
2025-12-30 20:24:39.114 [info] > git config --get commit.template [44ms]
2025-12-30 20:24:39.115 [info] > git for-each-ref --format=%(refname)%00%(upstream:short)%00%(objectname)%00%(upstream:track)%00%(upstream:remotename)%00%(upstream:remoteref) --ignore-case refs/heads/main refs/remotes/main [42ms]
2025-12-30 20:24:39.159 [info] > git for-each-ref --sort -committerdate --format %(refname)%00%(objectname)%00%(*objectname) [37ms]
2025-12-30 20:24:39.159 [info] > git status -z -uall [40ms]
2025-12-30 20:33:08.502 [warning] [Git][getRemotes] Error: ENOENT: no such file or directory, open 'd:\TasteOfFreedom\.git\config'
2025-12-30 20:33:08.507 [warning] [Git][getHEAD] Failed to parse HEAD file: ENOENT: no such file or directory, open 'd:\TasteOfFreedom\.git\HEAD'
2025-12-30 20:33:08.530 [info] > git fetch [44ms]
2025-12-30 20:33:08.530 [info] fatal: not a git repository (or any of the parent directories): .git
2025-12-30 20:33:08.538 [warning] [Git][getRemotes] Error: ENOENT: no such file or directory, open 'd:\TasteOfFreedom\.git\config'
2025-12-30 20:33:08.543 [warning] [Git][getHEAD] Failed to parse HEAD file: ENOENT: no such file or directory, open 'd:\TasteOfFreedom\.git\HEAD'
2025-12-30 20:33:08.548 [info] > git remote --verbose [46ms]
2025-12-30 20:33:08.548 [info] fatal: not a git repository (or any of the parent directories): .git
2025-12-30 20:33:08.554 [warning] [Git][getHEAD] Failed to parse HEAD file: ENOENT: no such file or directory, open 'd:\TasteOfFreedom\.git\HEAD'
2025-12-30 20:33:08.559 [warning] [Git][getRemotes] Error: ENOENT: no such file or directory, open 'd:\TasteOfFreedom\.git\config'
2025-12-30 20:33:08.568 [info] > git ls-files --stage -- index.html [52ms]
2025-12-30 20:33:08.568 [info] fatal: not a git repository (or any of the parent directories): .git
2025-12-30 20:33:08.575 [info] > git config --get commit.template [65ms]
2025-12-30 20:33:08.575 [info] > git symbolic-ref --short HEAD [68ms]
2025-12-30 20:33:08.575 [info] fatal: not a git repository (or any of the parent directories): .git
2025-12-30 20:33:08.591 [info] > git remote --verbose [52ms]
2025-12-30 20:33:08.591 [info] fatal: not a git repository (or any of the parent directories): .git
2025-12-30 20:33:08.596 [info] > git symbolic-ref --short HEAD [53ms]
2025-12-30 20:33:08.596 [info] fatal: not a git repository (or any of the parent directories): .git
2025-12-30 20:33:08.602 [info] > git config --get commit.template [55ms]
2025-12-30 20:33:08.610 [info] > git symbolic-ref --short HEAD [55ms]
2025-12-30 20:33:08.610 [info] fatal: not a git repository (or any of the parent directories): .git
2025-12-30 20:33:08.614 [info] > git remote --verbose [55ms]
2025-12-30 20:33:08.614 [info] fatal: not a git repository (or any of the parent directories): .git
2025-12-30 20:33:08.618 [info] > git config --get commit.template [52ms]
2025-12-30 20:33:08.629 [info] > git rev-parse HEAD [48ms]
2025-12-30 20:33:08.629 [info] fatal: not a git repository (or any of the parent directories): .git
2025-12-30 20:33:08.629 [info] > git hash-object -t tree /dev/null [54ms]
2025-12-30 20:33:08.629 [warning] [GitFileSystemProvider][stat] File not found - git:/d%3A/TasteOfFreedom/index.html.git?%7B%22path%22%3A%22d%3A%5C%5CTasteOfFreedom%5C%5Cindex.html%22%2C%22ref%22%3A%22%22%7D
2025-12-30 20:33:08.646 [info] > git rev-parse HEAD [45ms]
2025-12-30 20:33:08.646 [info] fatal: not a git repository (or any of the parent directories): .git
2025-12-30 20:33:08.653 [info] > git rev-parse HEAD [39ms]
2025-12-30 20:33:08.653 [info] fatal: not a git repository (or any of the parent directories): .git
2025-12-30 20:33:21.320 [info] [main] Log level: Info
2025-12-30 20:33:21.320 [info] [main] Validating found git in: "C:\Program Files\Git\cmd\git.exe"
2025-12-30 20:33:21.320 [info] [main] Validating found git in: "C:\Program Files (x86)\Git\cmd\git.exe"
2025-12-30 20:33:21.320 [info] [main] Validating found git in: "C:\Program Files\Git\cmd\git.exe"
2025-12-30 20:33:21.320 [info] [main] Validating found git in: "C:\Users\fordm\AppData\Local\Programs\Git\cmd\git.exe"
2025-12-30 20:33:21.339 [info] [main] Validating found git in: "D:\Program Files\Git\cmd\git.exe"
2025-12-30 20:33:21.393 [info] [main] Using git "2.52.0.windows.1" from "D:\Program Files\Git\cmd\git.exe"
2025-12-30 20:33:21.393 [info] [Model][doInitialScan] Initial repository scan started
2025-12-30 20:33:21.395 [info] [Model][doInitialScan] Initial repository scan completed - repositories (0), closed repositories (0), parent repositories (0), unsafe repositories (0)
2025-12-30 20:33:26.349 [info] [main] Log level: Info
2025-12-30 20:33:26.349 [info] [main] Validating found git in: "C:\Program Files\Git\cmd\git.exe"
2025-12-30 20:33:26.349 [info] [main] Validating found git in: "C:\Program Files (x86)\Git\cmd\git.exe"
2025-12-30 20:33:26.349 [info] [main] Validating found git in: "C:\Program Files\Git\cmd\git.exe"
2025-12-30 20:33:26.349 [info] [main] Validating found git in: "C:\Users\fordm\AppData\Local\Programs\Git\cmd\git.exe"
2025-12-30 20:33:26.383 [info] [main] Validating found git in: "D:\Program Files\Git\cmd\git.exe"
2025-12-30 20:33:26.453 [info] [main] Using git "2.52.0.windows.1" from "D:\Program Files\Git\cmd\git.exe"
2025-12-30 20:33:26.453 [info] [Model][doInitialScan] Initial repository scan started
2025-12-30 20:33:26.749 [info] > git rev-parse --show-toplevel [283ms]
2025-12-30 20:33:26.749 [info] fatal: not a git repository (or any of the parent directories): .git
2025-12-30 20:33:26.901 [info] > git rev-parse --show-toplevel [69ms]
2025-12-30 20:33:26.901 [info] fatal: not a git repository (or any of the parent directories): .git
2025-12-30 20:33:26.962 [info] > git rev-parse --show-toplevel [55ms]
2025-12-30 20:33:26.962 [info] fatal: not a git repository (or any of the parent directories): .git
2025-12-30 20:33:27.343 [info] > git rev-parse --show-toplevel [377ms]
2025-12-30 20:33:27.343 [info] fatal: not a git repository (or any of the parent directories): .git
2025-12-30 20:33:27.422 [info] > git rev-parse --show-toplevel [48ms]
2025-12-30 20:33:27.422 [info] fatal: not a git repository (or any of the parent directories): .git
2025-12-30 20:33:27.533 [info] > git rev-parse --show-toplevel [107ms]
2025-12-30 20:33:27.533 [info] fatal: not a git repository (or any of the parent directories): .git
2025-12-30 20:33:27.601 [info] > git rev-parse --show-toplevel [47ms]
2025-12-30 20:33:27.601 [info] fatal: not a git repository (or any of the parent directories): .git
2025-12-30 20:33:27.645 [info] > git rev-parse --show-toplevel [40ms]
2025-12-30 20:33:27.645 [info] fatal: not a git repository (or any of the parent directories): .git
2025-12-30 20:33:27.646 [info] [Model][doInitialScan] Initial repository scan completed - repositories (0), closed repositories (2), parent repositories (0), unsafe repositories (0)
2025-12-30 20:33:27.691 [info] > git rev-parse --show-toplevel [40ms]
2025-12-30 20:33:27.691 [info] fatal: not a git repository (or any of the parent directories): .git
2025-12-30 20:34:39.394 [info] > git rev-parse --show-toplevel [34ms]
2025-12-30 20:34:39.394 [info] fatal: not a git repository (or any of the parent directories): .git
2025-12-30 20:34:40.829 [info] > git rev-parse --show-toplevel [39ms]
2025-12-30 20:34:40.887 [info] > git rev-parse --git-dir --git-common-dir --show-superproject-working-tree [53ms]
2025-12-30 20:34:40.899 [info] [Model][openRepository] Opened repository (path): d:\TasteOfFreedom
2025-12-30 20:34:40.899 [info] [Model][openRepository] Opened repository (real path): d:\TasteOfFreedom
2025-12-30 20:34:40.899 [info] [Model][openRepository] Opened repository (kind): repository
2025-12-30 20:34:40.913 [info] [Git][getRemotes] No remotes found in the git config file
2025-12-30 20:34:40.956 [info] > git config --get commit.template [49ms]
2025-12-30 20:34:40.958 [info] > git for-each-ref --format=%(refname)%00%(upstream:short)%00%(objectname)%00%(upstream:track)%00%(upstream:remotename)%00%(upstream:remoteref) --ignore-case refs/heads/master refs/remotes/master [46ms]
2025-12-30 20:34:40.959 [warning] [Git][getBranch] No such branch: master
2025-12-30 20:34:40.977 [info] > git fetch [78ms]
2025-12-30 20:34:40.978 [info] > git for-each-ref --sort -committerdate --format %(refname)%00%(objectname)%00%(*objectname) [6ms] (cancelled)
2025-12-30 20:34:40.994 [info] > git status -z -uall [29ms] (cancelled)
2025-12-30 20:34:41.006 [info] [Git][getRemotes] No remotes found in the git config file
2025-12-30 20:34:41.008 [info] [Git][getRemotes] No remotes found in the git config file
2025-12-30 20:34:41.033 [info] > git for-each-ref --format=%(refname)%00%(upstream:short)%00%(objectname)%00%(upstream:track)%00%(upstream:remotename)%00%(upstream:remoteref) --ignore-case refs/heads/master refs/remotes/master [50ms]
2025-12-30 20:34:41.033 [warning] [Git][getBranch] No such branch: master
2025-12-30 20:34:41.034 [error] [GitHistoryProvider][resolveHEADMergeBase] Failed to resolve merge base for master: Error: No such branch: master.
2025-12-30 20:34:41.036 [info] > git config --get commit.template [46ms]
2025-12-30 20:34:41.045 [info] > git config --get commit.template [51ms]
2025-12-30 20:34:41.049 [info] > git for-each-ref --format=%(refname)%00%(upstream:short)%00%(objectname)%00%(upstream:track)%00%(upstream:remotename)%00%(upstream:remoteref) --ignore-case refs/heads/master refs/remotes/master [47ms]
2025-12-30 20:34:41.049 [warning] [Git][getBranch] No such branch: master
2025-12-30 20:34:41.051 [info] > git for-each-ref --format=%(refname)%00%(upstream:short)%00%(objectname)%00%(upstream:track)%00%(upstream:remotename)%00%(upstream:remoteref) --ignore-case refs/heads/master refs/remotes/master [45ms]
2025-12-30 20:34:41.051 [warning] [Git][getBranch] No such branch: master
2025-12-30 20:34:41.099 [info] > git status -z -uall [44ms]
2025-12-30 20:34:41.100 [info] > git for-each-ref --sort -committerdate --format %(refname)%00%(objectname)%00%(*objectname) [41ms]
2025-12-30 20:34:41.118 [info] [Git][getRemotes] No remotes found in the git config file
2025-12-30 20:34:41.152 [info] > git config --local -l [43ms]
2025-12-30 20:34:41.158 [info] > git config --get commit.template [45ms]
2025-12-30 20:34:41.163 [info] > git for-each-ref --format=%(refname)%00%(upstream:short)%00%(objectname)%00%(upstream:track)%00%(upstream:remotename)%00%(upstream:remoteref) --ignore-case refs/heads/master refs/remotes/master [46ms]
2025-12-30 20:34:41.163 [warning] [Git][getBranch] No such branch: master
2025-12-30 20:34:41.196 [info] > git config --get --local branch.master.remote [38ms]
2025-12-30 20:34:41.196 [warning] [Git][config] git config failed: Failed to execute git
2025-12-30 20:34:41.210 [info] > git status -z -uall [43ms]
2025-12-30 20:34:41.210 [info] > git for-each-ref --sort -committerdate --format %(refname)%00%(objectname)%00%(*objectname) [39ms]
2025-12-30 20:34:41.243 [info] > git config --get --local branch.master.merge [42ms]
2025-12-30 20:34:41.243 [warning] [Git][config] git config failed: Failed to execute git
2025-12-30 20:34:41.778 [info] > git check-ignore -v -z --stdin [40ms]
2025-12-30 20:34:54.814 [info] > git log --format=%H%n%aN%n%aE%n%at%n%ct%n%P%n%D%n%B -z -n5 [39ms]
2025-12-30 20:34:54.814 [info] fatal: your current branch 'master' does not have any commits yet
2025-12-30 20:35:11.285 [info] > git add -A -- . [237ms]
2025-12-30 20:35:11.414 [info] > git -c user.useConfigOnly=true commit --quiet --allow-empty-message --file - [123ms]
2025-12-30 20:35:11.457 [info] > git config --get commit.template [39ms]
2025-12-30 20:35:11.463 [info] [Git][getRemotes] No remotes found in the git config file
2025-12-30 20:35:11.507 [info] > git config --get commit.template [45ms]
2025-12-30 20:35:11.524 [info] > git for-each-ref --format=%(refname)%00%(upstream:short)%00%(objectname)%00%(upstream:track)%00%(upstream:remotename)%00%(upstream:remoteref) --ignore-case refs/heads/master refs/remotes/master [57ms]
2025-12-30 20:35:11.574 [info] > git for-each-ref --sort -committerdate --format %(refname)%00%(objectname)%00%(*objectname) [42ms]
2025-12-30 20:35:11.586 [info] > git status -z -uall [58ms]
2025-12-30 20:35:11.617 [info] [Git][getRemotes] No remotes found in the git config file
2025-12-30 20:35:11.636 [info] > git config --local -l [42ms]
2025-12-30 20:35:11.657 [info] > git config --get commit.template [45ms]
2025-12-30 20:35:11.658 [info] > git for-each-ref --format=%(refname)%00%(upstream:short)%00%(objectname)%00%(upstream:track)%00%(upstream:remotename)%00%(upstream:remoteref) --ignore-case refs/heads/master refs/remotes/master [42ms]
2025-12-30 20:35:11.685 [info] > git config --get --local branch.master.remote [43ms]
2025-12-30 20:35:11.685 [warning] [Git][config] git config failed: Failed to execute git
2025-12-30 20:35:11.714 [info] > git for-each-ref --sort -committerdate --format %(refname)%00%(objectname)%00%(*objectname) [48ms]
2025-12-30 20:35:11.714 [info] > git status -z -uall [52ms]
2025-12-30 20:35:11.734 [info] > git config --get --local branch.master.merge [45ms]
2025-12-30 20:35:11.734 [warning] [Git][config] git config failed: Failed to execute git
2025-12-30 20:35:11.955 [info] > git ls-files --stage -- index.html [40ms]
2025-12-30 20:35:11.974 [info] > git show --textconv :index.html [64ms]
2025-12-30 20:35:12.002 [info] > git cat-file -s d41c095f8cdf882ee2560c98b55b2a9c1cb01054 [42ms]
2025-12-30 20:35:12.059 [info] > git blame --root --incremental 1de29d5faa2f0b0d24fd4c1e9a1cf7702b80641d -- index.html [43ms]
2025-12-30 20:35:12.718 [info] > git ls-files --stage -- index.html [58ms]
2025-12-30 20:35:12.758 [info] > git cat-file -s d41c095f8cdf882ee2560c98b55b2a9c1cb01054 [36ms]
2025-12-30 20:35:12.799 [info] > git show --textconv :index.html [37ms]
2025-12-30 20:35:24.829 [info] > git remote add origin https://github.com/BlkMik3/TasteOfFreedom.git [72ms]
2025-12-30 20:35:24.872 [info] > git config --get commit.template [39ms]
2025-12-30 20:35:24.876 [info] > git for-each-ref --format=%(refname)%00%(upstream:short)%00%(objectname)%00%(upstream:track)%00%(upstream:remotename)%00%(upstream:remoteref) --ignore-case refs/heads/master refs/remotes/master [39ms]
2025-12-30 20:35:24.924 [info] > git status -z -uall [43ms]
2025-12-30 20:35:24.925 [info] > git for-each-ref --sort -committerdate --format %(refname)%00%(objectname)%00%(*objectname) [41ms]
2025-12-30 20:35:25.270 [info] > git config --local -l [44ms]
2025-12-30 20:35:25.310 [info] > git config --get --local branch.master.remote [35ms]
2025-12-30 20:35:25.310 [warning] [Git][config] git config failed: Failed to execute git
2025-12-30 20:35:25.353 [info] > git config --get --local branch.master.merge [38ms]
2025-12-30 20:35:25.353 [warning] [Git][config] git config failed: Failed to execute git
2025-12-30 20:35:25.554 [info] > git push -u origin master [622ms]
2025-12-30 20:35:25.554 [info] remote: Repository not found.
fatal: repository 'https://github.com/BlkMik3/TasteOfFreedom.git/' not found
2025-12-30 20:35:25.599 [info] > git config --get commit.template [40ms]
2025-12-30 20:35:25.602 [info] > git for-each-ref --format=%(refname)%00%(upstream:short)%00%(objectname)%00%(upstream:track)%00%(upstream:remotename)%00%(upstream:remoteref) --ignore-case refs/heads/master refs/remotes/master [40ms]
2025-12-30 20:35:25.650 [info] > git for-each-ref --sort -committerdate --format %(refname)%00%(objectname)%00%(*objectname) [40ms]
2025-12-30 20:35:25.650 [info] > git status -z -uall [44ms]
2025-12-30 20:35:35.559 [info] > git ls-files --stage -- index.html [40ms]
2025-12-30 20:35:35.600 [info] > git cat-file -s d41c095f8cdf882ee2560c98b55b2a9c1cb01054 [37ms]
2025-12-30 20:35:35.644 [info] > git show --textconv :index.html [39ms]
2025-12-30 20:35:37.294 [info] > git push -u origin master [595ms]
2025-12-30 20:35:37.294 [info] remote: Repository not found.
fatal: repository 'https://github.com/BlkMik3/TasteOfFreedom.git/' not found
2025-12-30 20:35:37.338 [info] > git config --get commit.template [39ms]
2025-12-30 20:35:37.339 [info] > git for-each-ref --format=%(refname)%00%(upstream:short)%00%(objectname)%00%(upstream:track)%00%(upstream:remotename)%00%(upstream:remoteref) --ignore-case refs/heads/master refs/remotes/master [36ms]
2025-12-30 20:35:37.383 [info] > git status -z -uall [39ms]
2025-12-30 20:35:37.383 [info] > git for-each-ref --sort -committerdate --format %(refname)%00%(objectname)%00%(*objectname) [36ms]
2025-12-30 20:38:41.003 [info] > git fetch [637ms]
2025-12-30 20:38:41.003 [info] remote: Repository not found.
fatal: repository 'https://github.com/BlkMik3/TasteOfFreedom.git/' not found
2025-12-30 20:38:41.048 [info] > git config --get commit.template [40ms]
2025-12-30 20:38:41.050 [info] > git for-each-ref --format=%(refname)%00%(upstream:short)%00%(objectname)%00%(upstream:track)%00%(upstream:remotename)%00%(upstream:remoteref) --ignore-case refs/heads/master refs/remotes/master [38ms]
2025-12-30 20:38:41.094 [info] > git status -z -uall [41ms]
2025-12-30 20:38:41.095 [info] > git for-each-ref --sort -committerdate --format %(refname)%00%(objectname)%00%(*objectname) [37ms]
2025-12-30 20:38:48.114 [info] > git config --get commit.template [39ms]
2025-12-30 20:38:48.125 [info] > git for-each-ref --format=%(refname)%00%(upstream:short)%00%(objectname)%00%(upstream:track)%00%(upstream:remotename)%00%(upstream:remoteref) --ignore-case refs/heads/main refs/remotes/main [37ms]
2025-12-30 20:38:48.168 [info] > git for-each-ref --sort -committerdate --format %(refname)%00%(objectname)%00%(*objectname) [37ms]
2025-12-30 20:38:48.169 [info] > git status -z -uall [41ms]
2025-12-30 20:38:48.213 [info] > git for-each-ref --format=%(refname)%00%(upstream:short)%00%(objectname)%00%(upstream:track)%00%(upstream:remotename)%00%(upstream:remoteref) --ignore-case refs/heads/main refs/remotes/main [39ms]
2025-12-30 20:38:48.218 [info] > git config --local -l [39ms]
2025-12-30 20:38:48.254 [info] > git config --get --local branch.main.vscode-merge-base [37ms]
2025-12-30 20:38:48.254 [warning] [Git][config] git config failed: Failed to execute git
2025-12-30 20:38:48.259 [info] > git config --get --local branch.main.remote [36ms]
2025-12-30 20:38:48.259 [warning] [Git][config] git config failed: Failed to execute git
2025-12-30 20:38:48.298 [info] > git config --get --local branch.main.merge [34ms]
2025-12-30 20:38:48.298 [warning] [Git][config] git config failed: Failed to execute git
2025-12-30 20:38:48.315 [info] > git reflog main --grep-reflog=branch: Created from *. [57ms]
2025-12-30 20:38:48.356 [info] > git symbolic-ref --short refs/remotes/origin/HEAD [36ms]
2025-12-30 20:38:48.356 [info] fatal: ref refs/remotes/origin/HEAD is not a symbolic ref
2025-12-30 20:38:48.356 [warning] [Repository][getDefaultBranch] Failed to get default branch details: Failed to execute git.
2025-12-30 20:43:51.321 [info] > git config --get commit.template [39ms]
2025-12-30 20:43:51.328 [info] > git for-each-ref --format=%(refname)%00%(upstream:short)%00%(objectname)%00%(upstream:track)%00%(upstream:remotename)%00%(upstream:remoteref) --ignore-case refs/heads/main refs/remotes/main [41ms]
2025-12-30 20:43:51.372 [info] > git status -z -uall [41ms]
2025-12-30 20:43:51.374 [info] > git for-each-ref --sort -committerdate --format %(refname)%00%(objectname)%00%(*objectname) [38ms]
2025-12-30 20:43:51.913 [info] > git fetch [646ms]
2025-12-30 20:43:51.913 [info] remote: Repository not found.
fatal: repository 'https://github.com/BlkMik3/TasteOfFreedom.git/' not found
2025-12-30 20:43:51.962 [info] > git config --get commit.template [44ms]
2025-12-30 20:43:51.963 [info] > git for-each-ref --format=%(refname)%00%(upstream:short)%00%(objectname)%00%(upstream:track)%00%(upstream:remotename)%00%(upstream:remoteref) --ignore-case refs/heads/main refs/remotes/main [41ms]
2025-12-30 20:43:52.006 [info] > git status -z -uall [40ms]
2025-12-30 20:43:52.007 [info] > git for-each-ref --sort -committerdate --format %(refname)%00%(objectname)%00%(*objectname) [37ms]
2025-12-30 20:43:56.432 [info] > git for-each-ref --format=%(refname)%00%(upstream:short)%00%(objectname)%00%(upstream:track)%00%(upstream:remotename)%00%(upstream:remoteref) --ignore-case refs/heads/main refs/remotes/main [41ms]
2025-12-30 20:43:56.432 [info] > git config --get commit.template [46ms]
2025-12-30 20:43:56.480 [info] > git status -z -uall [43ms]
2025-12-30 20:43:56.481 [info] > git for-each-ref --sort -committerdate --format %(refname)%00%(objectname)%00%(*objectname) [41ms]
2025-12-30 20:43:59.822 [info] > git ls-files --stage -- index.html [44ms]
2025-12-30 20:43:59.826 [info] > git show --textconv :index.html [52ms]
2025-12-30 20:43:59.864 [info] > git cat-file -s d41c095f8cdf882ee2560c98b55b2a9c1cb01054 [37ms]
2025-12-30 20:44:04.253 [info] > git ls-files --stage -- notes/notes.txt [41ms]
2025-12-30 20:44:04.267 [info] > git show --textconv :notes/notes.txt [59ms]
2025-12-30 20:44:04.298 [info] > git cat-file -s cf442b0bf4006a9e7f1d8934396ba8f581f9f0a3 [41ms]
2025-12-30 20:44:04.359 [info] > git blame --root --incremental 1de29d5faa2f0b0d24fd4c1e9a1cf7702b80641d -- notes/notes.txt [54ms]
2025-12-30 20:44:04.532 [info] > git check-ignore -v -z --stdin [39ms]
2025-12-30 20:44:12.614 [info] > git config --get commit.template [47ms]
2025-12-30 20:44:12.615 [info] > git for-each-ref --format=%(refname)%00%(upstream:short)%00%(objectname)%00%(upstream:track)%00%(upstream:remotename)%00%(upstream:remoteref) --ignore-case refs/heads/main refs/remotes/main [44ms]
2025-12-30 20:44:12.660 [info] > git for-each-ref --sort -committerdate --format %(refname)%00%(objectname)%00%(*objectname) [37ms]
2025-12-30 20:44:12.660 [info] > git status -z -uall [41ms]
2025-12-30 20:44:19.684 [info] > git add -A -- notes/notes.txt [229ms]
2025-12-30 20:44:19.727 [info] > git config --get commit.template [37ms]
2025-12-30 20:44:19.730 [info] > git for-each-ref --format=%(refname)%00%(upstream:short)%00%(objectname)%00%(upstream:track)%00%(upstream:remotename)%00%(upstream:remoteref) --ignore-case refs/heads/main refs/remotes/main [38ms]
2025-12-30 20:44:19.776 [info] > git for-each-ref --sort -committerdate --format %(refname)%00%(objectname)%00%(*objectname) [39ms]
2025-12-30 20:44:19.793 [info] > git status -z -uall [60ms]
2025-12-30 20:44:20.167 [info] > git show --textconv HEAD:notes/notes.txt [43ms]
2025-12-30 20:44:20.168 [info] > git ls-tree -l HEAD -- notes/notes.txt [38ms]
2025-12-30 20:44:20.899 [info] > git ls-files --stage -- index.html [46ms]
2025-12-30 20:44:20.904 [info] > git ls-files --stage -- notes/notes.txt [47ms]
2025-12-30 20:44:20.908 [info] > git ls-tree -l HEAD -- notes/notes.txt [48ms]
2025-12-30 20:44:20.940 [info] > git cat-file -s d41c095f8cdf882ee2560c98b55b2a9c1cb01054 [37ms]
2025-12-30 20:44:20.951 [info] > git show --textconv HEAD:notes/notes.txt [39ms]
2025-12-30 20:44:20.962 [info] > git cat-file -s cc78e08a90f0866c79ce6809027c84fab8ee8aea [55ms]
2025-12-30 20:44:20.984 [info] > git show --textconv :index.html [40ms]
2025-12-30 20:44:21.007 [info] > git show --textconv :notes/notes.txt [40ms]
2025-12-30 20:44:28.591 [info] > git -c user.useConfigOnly=true commit --quiet --allow-empty-message --file - [1529ms]
2025-12-30 20:44:28.632 [info] > git config --get commit.template [37ms]
2025-12-30 20:44:28.675 [info] > git config --get commit.template [38ms]
2025-12-30 20:44:28.692 [info] > git for-each-ref --format=%(refname)%00%(upstream:short)%00%(objectname)%00%(upstream:track)%00%(upstream:remotename)%00%(upstream:remoteref) --ignore-case refs/heads/main refs/remotes/main [49ms]
2025-12-30 20:44:28.737 [info] > git for-each-ref --sort -committerdate --format %(refname)%00%(objectname)%00%(*objectname) [37ms]
2025-12-30 20:44:28.753 [info] > git status -z -uall [57ms]
2025-12-30 20:44:28.821 [info] > git blame --root --incremental 4f7e630b18ac1e93e6960abe84d398fa53a4b17f -- notes/notes.txt [63ms]
2025-12-30 20:44:28.827 [info] > git config --local -l [41ms]
2025-12-30 20:44:28.832 [info] > git config --get commit.template [40ms]
2025-12-30 20:44:28.836 [info] > git for-each-ref --format=%(refname)%00%(upstream:short)%00%(objectname)%00%(upstream:track)%00%(upstream:remotename)%00%(upstream:remoteref) --ignore-case refs/heads/main refs/remotes/main [40ms]
2025-12-30 20:44:28.872 [info] > git config --get --local branch.main.remote [41ms]
2025-12-30 20:44:28.872 [warning] [Git][config] git config failed: Failed to execute git
2025-12-30 20:44:28.883 [info] > git status -z -uall [43ms]
2025-12-30 20:44:28.884 [info] > git for-each-ref --sort -committerdate --format %(refname)%00%(objectname)%00%(*objectname) [40ms]
2025-12-30 20:44:28.916 [info] > git config --get --local branch.main.merge [40ms]
2025-12-30 20:44:28.916 [warning] [Git][config] git config failed: Failed to execute git
2025-12-30 20:44:29.875 [info] > git ls-files --stage -- notes/notes.txt [41ms]
2025-12-30 20:44:29.879 [info] > git ls-files --stage -- index.html [50ms]
2025-12-30 20:44:29.883 [info] > git ls-tree -l HEAD -- notes/notes.txt [46ms]
2025-12-30 20:44:29.917 [info] > git cat-file -s cc78e08a90f0866c79ce6809027c84fab8ee8aea [38ms]
2025-12-30 20:44:29.922 [info] > git cat-file -s d41c095f8cdf882ee2560c98b55b2a9c1cb01054 [39ms]
2025-12-30 20:44:29.928 [info] > git show --textconv HEAD:notes/notes.txt [40ms]
2025-12-30 20:44:29.961 [info] > git show --textconv :notes/notes.txt [39ms]
2025-12-30 20:44:29.962 [info] > git show --textconv :index.html [35ms]
2025-12-30 20:44:32.618 [info] > git push -u origin main [651ms]
2025-12-30 20:44:32.618 [info] remote: Repository not found.
fatal: repository 'https://github.com/BlkMik3/TasteOfFreedom.git/' not found
2025-12-30 20:44:32.667 [info] > git config --get commit.template [45ms]
2025-12-30 20:44:32.668 [info] > git for-each-ref --format=%(refname)%00%(upstream:short)%00%(objectname)%00%(upstream:track)%00%(upstream:remotename)%00%(upstream:remoteref) --ignore-case refs/heads/main refs/remotes/main [41ms]
2025-12-30 20:44:32.711 [info] > git for-each-ref --sort -committerdate --format %(refname)%00%(objectname)%00%(*objectname) [37ms]
2025-12-30 20:44:32.712 [info] > git status -z -uall [41ms]
